2019-04-21 23:38:33
<xml><appid><![CDATA[wxd5af665b240b75d4]]></appid>
<bank_type><![CDATA[CFT]]></bank_type>
<cash_fee><![CDATA[1]]></cash_fee>
<fee_type><![CDATA[CNY]]></fee_type>
<is_subscribe><![CDATA[Y]]></is_subscribe>
<mch_id><![CDATA[1500086022]]></mch_id>
<openid><![CDATA[osZaFw4NCQAzKJqw-VVgb17dVuew]]></openid>
<out_trade_no><![CDATA[15558514776116_zhushimao]]></out_trade_no>
<result_code><![CDATA[SUCCESS]]></result_code>
<return_code><![CDATA[SUCCESS]]></return_code>
<sign><![CDATA[D5970E54BD1BF4FB62E4DA2007E8FDEA]]></sign>
<time_end><![CDATA[20190421205815]]></time_end>
<total_fee>1</total_fee>
<trade_type><![CDATA[NATIVE]]></trade_type>
<transaction_id><![CDATA[4200000299201904214273922615]]></transaction_id>
</xml>

2019-04-21 23:38:45
<xml><appid><![CDATA[wxd5af665b240b75d4]]></appid>
<bank_type><![CDATA[CFT]]></bank_type>
<cash_fee><![CDATA[1]]></cash_fee>
<fee_type><![CDATA[CNY]]></fee_type>
<is_subscribe><![CDATA[Y]]></is_subscribe>
<mch_id><![CDATA[1500086022]]></mch_id>
<openid><![CDATA[osZaFw4NCQAzKJqw-VVgb17dVuew]]></openid>
<out_trade_no><![CDATA[15558514776116_zhushimao]]></out_trade_no>
<result_code><![CDATA[SUCCESS]]></result_code>
<return_code><![CDATA[SUCCESS]]></return_code>
<sign><![CDATA[D5970E54BD1BF4FB62E4DA2007E8FDEA]]></sign>
<time_end><![CDATA[20190421205815]]></time_end>
<total_fee>1</total_fee>
<trade_type><![CDATA[NATIVE]]></trade_type>
<transaction_id><![CDATA[4200000299201904214273922615]]></transaction_id>
</xml>

2019-04-21 23:39:05
<xml><appid><![CDATA[wxd5af665b240b75d4]]></appid>
<bank_type><![CDATA[CFT]]></bank_type>
<cash_fee><![CDATA[1]]></cash_fee>
<fee_type><![CDATA[CNY]]></fee_type>
<is_subscribe><![CDATA[Y]]></is_subscribe>
<mch_id><![CDATA[1500086022]]></mch_id>
<openid><![CDATA[osZaFw4NCQAzKJqw-VVgb17dVuew]]></openid>
<out_trade_no><![CDATA[15558514776116_zhushimao]]></out_trade_no>
<result_code><![CDATA[SUCCESS]]></result_code>
<return_code><![CDATA[SUCCESS]]></return_code>
<sign><![CDATA[D5970E54BD1BF4FB62E4DA2007E8FDEA]]></sign>
<time_end><![CDATA[20190421205815]]></time_end>
<total_fee>1</total_fee>
<trade_type><![CDATA[NATIVE]]></trade_type>
<transaction_id><![CDATA[4200000299201904214273922615]]></transaction_id>
</xml>

2019-04-21 23:39:27
<xml><appid><![CDATA[wxd5af665b240b75d4]]></appid>
<bank_type><![CDATA[CFT]]></bank_type>
<cash_fee><![CDATA[1]]></cash_fee>
<fee_type><![CDATA[CNY]]></fee_type>
<is_subscribe><![CDATA[Y]]></is_subscribe>
<mch_id><![CDATA[1500086022]]></mch_id>
<openid><![CDATA[osZaFw4NCQAzKJqw-VVgb17dVuew]]></openid>
<out_trade_no><![CDATA[15558514776116_zhushimao]]></out_trade_no>
<result_code><![CDATA[SUCCESS]]></result_code>
<return_code><![CDATA[SUCCESS]]></return_code>
<sign><![CDATA[D5970E54BD1BF4FB62E4DA2007E8FDEA]]></sign>
<time_end><![CDATA[20190421205815]]></time_end>
<total_fee>1</total_fee>
<trade_type><![CDATA[NATIVE]]></trade_type>
<transaction_id><![CDATA[4200000299201904214273922615]]></transaction_id>
</xml>

